<?xml version="1.0" encoding="UTF-8"?>
<!-- Generated by org.testng.reporters.JUnitReportReporter -->
<testsuite hostname="DESKTOP-F84M1HR" failures="0" tests="2" name="com.BDD.cucumber.practice.RunnerPractice2" time="43.638" errors="0" timestamp="2024-05-25T17:13:46 EDT" skipped="0">
  <testcase classname="com.BDD.cucumber.practice.RunnerPractice2" name="test1" time="0.010"/>
  <system-out/>
  <testcase classname="com.BDD.cucumber.practice.RunnerPractice2" name="runScenario" time="43.628"/>
  <system-out/>
</testsuite> <!-- com.BDD.cucumber.practice.RunnerPractice2 -->
