<?xml version="1.0" encoding="UTF-8"?>
<!-- Generated by org.testng.reporters.JUnitReportReporter -->
<testsuite hostname="DESKTOP-F84M1HR" failures="0" tests="3" name="com.Regression.TestRunWithTestNG2" time="43.858" errors="0" timestamp="2024-04-25T17:14:13 EDT" skipped="1">
  <testcase classname="com.Regression.TestRunWithTestNG2" name="getLogin" time="43.856"/>
  <system-out/>
  <testcase classname="com.Regression.TestRunWithTestNG2" name="getPayment" time="0.002"/>
  <system-out/>
  <testcase classname="com.Regression.TestRunWithTestNG2" name="getProduct">
    <skipped/>
  </testcase> <!-- getProduct -->
  <system-out/>
</testsuite> <!-- com.Regression.TestRunWithTestNG2 -->
