<?xml version="1.0" encoding="UTF-8"?>
<!-- Generated by org.testng.reporters.JUnitReportReporter -->
<testsuite hostname="DESKTOP-F84M1HR" failures="0" tests="1" name="com.Regression.TestRunWithTestNG" time="43.745" errors="0" timestamp="2024-04-25T10:58:32 EDT" skipped="0">
  <testcase classname="com.Regression.TestRunWithTestNG" name="getLogin" time="43.745"/>
  <system-out/>
</testsuite> <!-- com.Regression.TestRunWithTestNG -->
