<?xml version="1.0" encoding="UTF-8"?>
<!-- Generated by org.testng.reporters.JUnitReportReporter -->
<testsuite hostname="DESKTOP-F84M1HR" failures="0" tests="1" name="com.Regression.TestRunWithTestNGProduct2" time="0.007" errors="0" timestamp="2024-04-27T18:05:47 EDT" skipped="0">
  <testcase classname="com.Regression.TestRunWithTestNGProduct2" name="getProduct" time="0.007"/>
  <system-out/>
</testsuite> <!-- com.Regression.TestRunWithTestNGProduct2 -->
