<?xml version="1.0" encoding="UTF-8"?>
<!-- Generated by org.testng.reporters.JUnitReportReporter -->
<testsuite hostname="DESKTOP-F84M1HR" failures="0" tests="1" name="com.Smoke.TestRunWithTestNGFunctionalTest2" time="0.002" errors="0" timestamp="2024-04-27T18:05:47 EDT" skipped="0">
  <testcase classname="com.Smoke.TestRunWithTestNGFunctionalTest2" name="getFunction" time="0.002"/>
  <system-out/>
</testsuite> <!-- com.Smoke.TestRunWithTestNGFunctionalTest2 -->
